<?xml version="1.0" encoding="UTF-8" ?>
<testsuite tests="6" failures="1" name="com.spronq.resttest.MessageTest" time="1.189" errors="0" skipped="0">
  <properties>
[...]
</properties>
  <testcase classname="com.spronq.resttest.MessageTest" name="checkNames" time="1.083"/>
  <testcase classname="com.spronq.resttest.MessageTest" name="checkNamesWithErr" time="0.032">
    <failure message="1 expectation failed.
JSON path [0].firstName doesn&apos;t match.
Expected: Ed
  Actual: Nabi
" type="java.lang.AssertionError">java.lang.AssertionError: 1 expectation failed.
JSON path [0].firstName doesn&apos;t match.
Expected: Ed
  Actual: Nabi
	at sun.reflect.NativeConstructorAccessorImpl.newInstance0(Native Method)
	at sun.reflect.NativeConstructorAccessorImpl.newInstance(NativeConstructorAccessorImpl.java:62)
	at sun.reflect.DelegatingConstructorAccessorImpl.newInstance(DelegatingConstructorAccessorImpl.java:45)
	at java.lang.reflect.Constructor.newInstance(Constructor.java:423)
	at org.codehaus.groovy.reflection.CachedConstructor.invoke(CachedConstructor.java:83)
	at org.codehaus.groovy.reflection.CachedConstructor.doConstructorInvoke(CachedConstructor.java:77)
	at org.codehaus.groovy.runtime.callsite.ConstructorSite$ConstructorSiteNoUnwrap.callConstructor(ConstructorSite.java:84)
	at org.codehaus.groovy.runtime.callsite.CallSiteArray.defaultCallConstructor(CallSiteArray.java:60)
	at org.codehaus.groovy.runtime.callsite.AbstractCallSite.callConstructor(AbstractCallSite.java:235)
	at org.codehaus.groovy.runtime.callsite.AbstractCallSite.callConstructor(AbstractCallSite.java:247)
	at io.restassured.internal.ResponseSpecificationImpl$HamcrestAssertionClosure.validate(ResponseSpecificationImpl.groovy:451)
	at io.restassured.internal.ResponseSpecificationImpl$HamcrestAssertionClosure$validate$1.call(Unknown Source)
	at io.restassured.internal.ResponseSpecificationImpl.validateResponseIfRequired(ResponseSpecificationImpl.groovy:613)
	at sun.reflect.NativeMethodAccessorImpl.invoke0(Native Method)
	at sun.reflect.NativeMethodAccessorImpl.invoke(NativeMethodAccessorImpl.java:62)
	at sun.reflect.DelegatingMethodAccessorImpl.invoke(DelegatingMethodAccessorImpl.java:43)
	at java.lang.reflect.Method.invoke(Method.java:498)
	at org.codehaus.groovy.runtime.callsite.PogoMetaMethodSite$PogoCachedMethodSiteNoUnwrapNoCoerce.invoke(PogoMetaMethodSite.java:210)
	at org.codehaus.groovy.runtime.callsite.PogoMetaMethodSite.callCurrent(PogoMetaMethodSite.java:59)
	at org.codehaus.groovy.runtime.callsite.AbstractCallSite.callCurrent(AbstractCallSite.java:166)
	at io.restassured.internal.ResponseSpecificationImpl.content(ResponseSpecificationImpl.groovy:251)
	at io.restassured.specification.ResponseSpecification$content$0.callCurrent(Unknown Source)
	at io.restassured.internal.ResponseSpecificationImpl.body(ResponseSpecificationImpl.groovy:234)
	at io.restassured.internal.ValidatableResponseOptionsImpl.body(ValidatableResponseOptionsImpl.java:268)
	at com.spronq.resttest.MessageTest.checkNamesWithErr(MessageTest.java:58)
</failure>
  </testcase>
  <testcase classname="com.spronq.resttest.MessageTest" name="checkResponseCodeForCorrectRequest" time="0.023"/>
  <testcase classname="com.spronq.resttest.MessageTest" name="checkResponseCodeForIncorrectRequest" time="0.012"/>
  <testcase classname="com.spronq.resttest.MessageTest" name="checkResponseContentTypeJson" time="0.012"/>
  <testcase classname="com.spronq.resttest.MessageTest" name="logResponseNames" time="0.027"/>
</testsuite>